<?xml version="1.0" encoding="UTF-8"?>
<testng-results skipped="0" failed="1" ignored="0" total="1" passed="0">
  <reporter-output>
  </reporter-output>
  <suite name="Default suite" duration-ms="9267" started-at="2019-02-21T07:24:16Z" finished-at="2019-02-21T07:24:25Z">
    <groups>
    </groups>
    <test name="Default test" duration-ms="9267" started-at="2019-02-21T07:24:16Z" finished-at="2019-02-21T07:24:25Z">
      <class name="com.google.pom.execution.ImageSearchTest">
        <test-method status="PASS" signature="openBrowser()[pri:0, instance:com.google.pom.execution.ImageSearchTest@4c70fda8]" name="openBrowser" is-config="true" duration-ms="5261" started-at="2019-02-21T07:24:16Z" finished-at="2019-02-21T07:24:21Z">
          <reporter-output>
          </reporter-output>
        </test-method> <!-- openBrowser -->
        <test-method status="FAIL" signature="serchImage()[pri:0, instance:com.google.pom.execution.ImageSearchTest@4c70fda8]" name="serchImage" duration-ms="1264" started-at="2019-02-21T07:24:21Z" finished-at="2019-02-21T07:24:23Z">
          <exception class="java.lang.NullPointerException">
            <full-stacktrace>
              <![CDATA[java.lang.NullPointerException
at com.google.page.object.model.ImageSearch.enterTextIntoImageSearchBox(ImageSearch.java:28)
at com.google.pom.execution.ImageSearchTest.serchImage(ImageSearchTest.java:21)
at sun.reflect.NativeMethodAccessorImpl.invoke0(Native Method)
at sun.reflect.NativeMethodAccessorImpl.invoke(Unknown Source)
at sun.reflect.DelegatingMethodAccessorImpl.invoke(Unknown Source)
at java.lang.reflect.Method.invoke(Unknown Source)
at org.testng.internal.MethodInvocationHelper.invokeMethod(MethodInvocationHelper.java:124)
at org.testng.internal.Invoker.invokeMethod(Invoker.java:583)
at org.testng.internal.Invoker.invokeTestMethod(Invoker.java:719)
at org.testng.internal.Invoker.invokeTestMethods(Invoker.java:989)
at org.testng.internal.TestMethodWorker.invokeTestMethods(TestMethodWorker.java:125)
at org.testng.internal.TestMethodWorker.run(TestMethodWorker.java:109)
at org.testng.TestRunner.privateRun(TestRunner.java:648)
at org.testng.TestRunner.run(TestRunner.java:505)
at org.testng.SuiteRunner.runTest(SuiteRunner.java:455)
at org.testng.SuiteRunner.runSequentially(SuiteRunner.java:450)
at org.testng.SuiteRunner.privateRun(SuiteRunner.java:415)
at org.testng.SuiteRunner.run(SuiteRunner.java:364)
at org.testng.SuiteRunnerWorker.runSuite(SuiteRunnerWorker.java:52)
at org.testng.SuiteRunnerWorker.run(SuiteRunnerWorker.java:84)
at org.testng.TestNG.runSuitesSequentially(TestNG.java:1208)
at org.testng.TestNG.runSuitesLocally(TestNG.java:1137)
at org.testng.TestNG.runSuites(TestNG.java:1049)
at org.testng.TestNG.run(TestNG.java:1017)
at org.testng.remote.AbstractRemoteTestNG.run(AbstractRemoteTestNG.java:132)
at org.testng.remote.RemoteTestNG.initAndRun(RemoteTestNG.java:230)
at org.testng.remote.RemoteTestNG.main(RemoteTestNG.java:76)
]]>
            </full-stacktrace>
          </exception> <!-- java.lang.NullPointerException -->
          <reporter-output>
          </reporter-output>
        </test-method> <!-- serchImage -->
        <test-method status="PASS" signature="tearDown()[pri:0, instance:com.google.pom.execution.ImageSearchTest@4c70fda8]" name="tearDown" is-config="true" duration-ms="2719" started-at="2019-02-21T07:24:23Z" finished-at="2019-02-21T07:24:25Z">
          <reporter-output>
          </reporter-output>
        </test-method> <!-- tearDown -->
      </class> <!-- com.google.pom.execution.ImageSearchTest -->
    </test> <!-- Default test -->
  </suite> <!-- Default suite -->
</testng-results>
